<?xml version="1.0" encoding="UTF-8"?>
<testng-results skipped="0" failed="0" total="2" passed="2">
  <reporter-output>
  </reporter-output>
  <suite name="Default suite" duration-ms="1334699" started-at="2016-03-14T19:04:58Z" finished-at="2016-03-14T19:27:12Z">
    <groups>
    </groups>
    <test name="Default test" duration-ms="1334699" started-at="2016-03-14T19:04:58Z" finished-at="2016-03-14T19:27:12Z">
      <class name="com.TestSuite.AdultVt2Siblings">
        <test-method status="PASS" signature="beforeSuite()[pri:0, instance:com.TestSuite.AdultVt2Siblings@39ba5a14]" name="beforeSuite" is-config="true" duration-ms="16" started-at="2016-03-14T15:04:58Z" finished-at="2016-03-14T15:04:58Z">
          <reporter-output>
          </reporter-output>
        </test-method> <!-- beforeSuite -->
        <test-method status="PASS" signature="bsateup(org.testng.ITestContext)[pri:0, instance:com.TestSuite.AdultVt2Siblings@39ba5a14]" name="bsateup" is-config="true" duration-ms="9227" started-at="2016-03-14T15:04:59Z" finished-at="2016-03-14T15:05:08Z">
          <params>
            <param index="0">
              <value>
                <![CDATA[org.testng.TestRunner@35c9a231]]>
              </value>
            </param>
          </params>
          <reporter-output>
          </reporter-output>
        </test-method> <!-- bsateup -->
        <test-method status="PASS" signature="testcase1(java.lang.String, java.lang.String, java.lang.String, java.lang.String, java.lang.String, java.lang.String, java.lang.String, java.lang.String, java.lang.String, java.lang.String, java.lang.String, java.lang.String, java.lang.String, java.lang.String, java.lang.String, java.lang.String, java.lang.String, java.lang.String, java.lang.String, java.lang.String, java.lang.String, java.lang.String, java.lang.String, java.lang.String, java.lang.String, java.lang.String, java.lang.String, java.lang.String, java.lang.String)[pri:0, instance:com.TestSuite.AdultVt2Siblings@39ba5a14]" name="testcase1" duration-ms="663517" started-at="2016-03-14T15:05:08Z" data-provider="testcase" finished-at="2016-03-14T15:16:12Z">
          <params>
            <param index="0">
              <value>
                <![CDATA[Abcd@1234]]>
              </value>
            </param>
            <param index="1">
              <value>
                <![CDATA[test]]>
              </value>
            </param>
            <param index="2">
              <value>
                <![CDATA[2/17/1977]]>
              </value>
            </param>
            <param index="3">
              <value>
                <![CDATA[female]]>
              </value>
            </param>
            <param index="4">
              <value>
                <![CDATA[609 h st ne]]>
              </value>
            </param>
            <param index="5">
              <value>
                <![CDATA[DC]]>
              </value>
            </param>
            <param index="6">
              <value>
                <![CDATA[washington]]>
              </value>
            </param>
            <param index="7">
              <value>
                <![CDATA[20002]]>
              </value>
            </param>
            <param index="8">
              <value>
                <![CDATA[yes]]>
              </value>
            </param>
            <param index="9">
              <value>
                <![CDATA[no]]>
              </value>
            </param>
            <param index="10">
              <value>
                <![CDATA[yes]]>
              </value>
            </param>
            <param index="11">
              <value>
                <![CDATA[7/15/1988]]>
              </value>
            </param>
            <param index="12">
              <value>
                <![CDATA[male]]>
              </value>
            </param>
            <param index="13">
              <value>
                <![CDATA[no]]>
              </value>
            </param>
            <param index="14">
              <value>
                <![CDATA[1/19/1982]]>
              </value>
            </param>
            <param index="15">
              <value>
                <![CDATA[male]]>
              </value>
            </param>
            <param index="16">
              <value>
                <![CDATA[no]]>
              </value>
            </param>
            <param index="17">
              <value>
                <![CDATA[is the sibling of]]>
              </value>
            </param>
            <param index="18">
              <value>
                <![CDATA[is the sibling of]]>
              </value>
            </param>
            <param index="19">
              <value>
                <![CDATA[is the sibling of]]>
              </value>
            </param>
            <param index="20">
              <value>
                <![CDATA[wages and salaries]]>
              </value>
            </param>
            <param index="21">
              <value>
                <![CDATA[deepak]]>
              </value>
            </param>
            <param index="22">
              <value>
                <![CDATA[8125 48th ave]]>
              </value>
            </param>
            <param index="23">
              <value>
                <![CDATA[college park]]>
              </value>
            </param>
            <param index="24">
              <value>
                <![CDATA[MD]]>
              </value>
            </param>
            <param index="25">
              <value>
                <![CDATA[20780]]>
              </value>
            </param>
            <param index="26">
              <value>
                <![CDATA[43342]]>
              </value>
            </param>
            <param index="27">
              <value>
                <![CDATA[yearly]]>
              </value>
            </param>
            <param index="28">
              <value>
                <![CDATA[1/1/2012]]>
              </value>
            </param>
          </params>
          <reporter-output>
          </reporter-output>
        </test-method> <!-- testcase1 -->
        <test-method status="PASS" signature="afterMethod()[pri:0, instance:com.TestSuite.AdultVt2Siblings@39ba5a14]" name="afterMethod" is-config="true" duration-ms="1" started-at="2016-03-14T15:16:12Z" finished-at="2016-03-14T15:16:12Z">
          <reporter-output>
          </reporter-output>
        </test-method> <!-- afterMethod -->
        <test-method status="PASS" signature="bsateup(org.testng.ITestContext)[pri:0, instance:com.TestSuite.AdultVt2Siblings@39ba5a14]" name="bsateup" is-config="true" duration-ms="6254" started-at="2016-03-14T15:16:12Z" finished-at="2016-03-14T15:16:18Z">
          <params>
            <param index="0">
              <value>
                <![CDATA[org.testng.TestRunner@35c9a231]]>
              </value>
            </param>
          </params>
          <reporter-output>
          </reporter-output>
        </test-method> <!-- bsateup -->
        <test-method status="PASS" signature="testcase1(java.lang.String, java.lang.String, java.lang.String, java.lang.String, java.lang.String, java.lang.String, java.lang.String, java.lang.String, java.lang.String, java.lang.String, java.lang.String, java.lang.String, java.lang.String, java.lang.String, java.lang.String, java.lang.String, java.lang.String, java.lang.String, java.lang.String, java.lang.String, java.lang.String, java.lang.String, java.lang.String, java.lang.String, java.lang.String, java.lang.String, java.lang.String, java.lang.String, java.lang.String)[pri:0, instance:com.TestSuite.AdultVt2Siblings@39ba5a14]" name="testcase1" duration-ms="654661" started-at="2016-03-14T15:16:18Z" data-provider="testcase" finished-at="2016-03-14T15:27:12Z">
          <params>
            <param index="0">
              <value>
                <![CDATA[Abcd@1234]]>
              </value>
            </param>
            <param index="1">
              <value>
                <![CDATA[test]]>
              </value>
            </param>
            <param index="2">
              <value>
                <![CDATA[7/29/1975]]>
              </value>
            </param>
            <param index="3">
              <value>
                <![CDATA[female]]>
              </value>
            </param>
            <param index="4">
              <value>
                <![CDATA[609 h st ne]]>
              </value>
            </param>
            <param index="5">
              <value>
                <![CDATA[DC]]>
              </value>
            </param>
            <param index="6">
              <value>
                <![CDATA[washington]]>
              </value>
            </param>
            <param index="7">
              <value>
                <![CDATA[20002]]>
              </value>
            </param>
            <param index="8">
              <value>
                <![CDATA[yes]]>
              </value>
            </param>
            <param index="9">
              <value>
                <![CDATA[no]]>
              </value>
            </param>
            <param index="10">
              <value>
                <![CDATA[yes]]>
              </value>
            </param>
            <param index="11">
              <value>
                <![CDATA[9/24/1981]]>
              </value>
            </param>
            <param index="12">
              <value>
                <![CDATA[male]]>
              </value>
            </param>
            <param index="13">
              <value>
                <![CDATA[no]]>
              </value>
            </param>
            <param index="14">
              <value>
                <![CDATA[4/30/1979]]>
              </value>
            </param>
            <param index="15">
              <value>
                <![CDATA[male]]>
              </value>
            </param>
            <param index="16">
              <value>
                <![CDATA[no]]>
              </value>
            </param>
            <param index="17">
              <value>
                <![CDATA[is the sibling of]]>
              </value>
            </param>
            <param index="18">
              <value>
                <![CDATA[is the sibling of]]>
              </value>
            </param>
            <param index="19">
              <value>
                <![CDATA[is the sibling of]]>
              </value>
            </param>
            <param index="20">
              <value>
                <![CDATA[wages and salaries]]>
              </value>
            </param>
            <param index="21">
              <value>
                <![CDATA[deepak]]>
              </value>
            </param>
            <param index="22">
              <value>
                <![CDATA[8126 48th ave]]>
              </value>
            </param>
            <param index="23">
              <value>
                <![CDATA[college park]]>
              </value>
            </param>
            <param index="24">
              <value>
                <![CDATA[MD]]>
              </value>
            </param>
            <param index="25">
              <value>
                <![CDATA[20780]]>
              </value>
            </param>
            <param index="26">
              <value>
                <![CDATA[43345]]>
              </value>
            </param>
            <param index="27">
              <value>
                <![CDATA[yearly]]>
              </value>
            </param>
            <param index="28">
              <value>
                <![CDATA[1/1/2012]]>
              </value>
            </param>
          </params>
          <reporter-output>
          </reporter-output>
        </test-method> <!-- testcase1 -->
        <test-method status="PASS" signature="afterMethod()[pri:0, instance:com.TestSuite.AdultVt2Siblings@39ba5a14]" name="afterMethod" is-config="true" duration-ms="0" started-at="2016-03-14T15:27:12Z" finished-at="2016-03-14T15:27:12Z">
          <reporter-output>
          </reporter-output>
        </test-method> <!-- afterMethod -->
      </class> <!-- com.TestSuite.AdultVt2Siblings -->
    </test> <!-- Default test -->
  </suite> <!-- Default suite -->
</testng-results>
